<?xml version="1.0" encoding="UTF-8"?>
<testng-results ignored="0" total="1" passed="1" failed="0" skipped="0">
  <reporter-output>
  </reporter-output>
  <suite started-at="2022-03-04T22:28:39 IST" name="Default suite" finished-at="2022-03-04T22:29:04 IST" duration-ms="24745">
    <groups>
    </groups>
    <test started-at="2022-03-04T22:28:39 IST" name="Default test" finished-at="2022-03-04T22:29:04 IST" duration-ms="24745">
      <class name="pom.pagetest">
        <test-method is-config="true" signature="in()[pri:0, instance:pom.pagetest@750e2b97]" started-at="2022-03-04T22:28:39 IST" name="in" finished-at="2022-03-04T22:29:03 IST" duration-ms="23761" status="PASS">
          <reporter-output>
          </reporter-output>
        </test-method> <!-- in -->
        <test-method signature="login()[pri:0, instance:pom.pagetest@750e2b97]" started-at="2022-03-04T22:29:03 IST" name="login" finished-at="2022-03-04T22:29:04 IST" duration-ms="879" status="PASS">
          <reporter-output>
          </reporter-output>
        </test-method> <!-- login -->
      </class> <!-- pom.pagetest -->
    </test> <!-- Default test -->
  </suite> <!-- Default suite -->
</testng-results>
